2025-06-19 02:51:20 - {
    "timestamp": "2025-06-19 02:51:20",
    "method": "POST",
    "content_type": "multipart\/form-data; boundary=----WebKitFormBoundaryNT64MVQ0Hnel32uu",
    "has_files": true,
    "files_count": 1,
    "post_data": {
        "name": "puskesmas"
    },
    "files_data": [
        {
            "field_name": "profile_picture",
            "original_name": "IMG_20231109_165555.jpg",
            "size": 564639,
            "type": "image\/jpeg",
            "tmp_name": "C:\\Users\\acerp\\AppData\\Local\\Temp\\phpBF91.tmp",
            "error": 0,
            "error_message": "No error",
            "image_info": {
                "width": 1080,
                "height": 1432,
                "mime_type": "image\/jpeg",
                "extension": ".jpeg"
            },
            "tmp_file_exists": true,
            "tmp_file_readable": true
        }
    ],
    "php_config": {
        "file_uploads": "ON",
        "upload_max_filesize": "2M",
        "post_max_size": "8M",
        "max_file_uploads": "20"
    }
}

2025-06-19 02:53:57 - {
    "timestamp": "2025-06-19 02:53:57",
    "method": "POST",
    "content_type": "multipart\/form-data; boundary=----WebKitFormBoundaryUMhSuifr0ywea9r5",
    "has_files": true,
    "files_count": 1,
    "post_data": {
        "name": "puskesmas"
    },
    "files_data": [
        {
            "field_name": "profile_picture",
            "original_name": "IMG_20231109_165555.jpg",
            "size": 564639,
            "type": "image\/jpeg",
            "tmp_name": "C:\\Users\\acerp\\AppData\\Local\\Temp\\php27BF.tmp",
            "error": 0,
            "error_message": "No error",
            "image_info": {
                "width": 1080,
                "height": 1432,
                "mime_type": "image\/jpeg",
                "extension": ".jpeg"
            },
            "tmp_file_exists": true,
            "tmp_file_readable": true
        }
    ],
    "php_config": {
        "file_uploads": "ON",
        "upload_max_filesize": "2M",
        "post_max_size": "8M",
        "max_file_uploads": "20"
    }
}

